[22:05:13.130] [DEBUG] | o.s.w.c.s.GenericWebApplicationContext | Refreshing org.springframework.web.context.support.GenericWebApplicationContext@385657b6
[22:05:15.727] [WARN ] | o.s.w.c.s.GenericWebApplicationContext | Exception encountered during context initialization - cancelling refresh attempt: org.springframework.beans.factory.BeanCreationException: Error creating bean with name 'org.springframework.cloud.autoconfigure.RefreshAutoConfiguration$JpaInvokerConfiguration': Invocation of init method failed; nested exception is org.springframework.beans.factory.BeanCreationException: Error creating bean with name 'org.springframework.boot.autoconfigure.jdbc.DataSourceInitializerInvoker': Invocation of init method failed; nested exception is org.springframework.boot.context.properties.ConfigurationPropertiesBindException: Error creating bean with name 'webatoz': Could not bind properties to 'Webatoz' : prefix=spring.datasource.webatoz, ignoreInvalidFields=false, ignoreUnknownFields=true; nested exception is org.springframework.boot.context.properties.bind.BindException: Failed to bind properties under 'spring.datasource.webatoz.password' to java.lang.String
[22:06:14.213] [DEBUG] | o.s.w.c.s.GenericWebApplicationContext | Refreshing org.springframework.web.context.support.GenericWebApplicationContext@107f7e52
[22:06:23.463] [DEBUG] | o.s.w.s.m.m.a.RequestMappingHandlerAdapter | ControllerAdvice beans: 0 @ModelAttribute, 0 @InitBinder, 1 RequestBodyAdvice, 1 ResponseBodyAdvice
[22:06:23.559] [DEBUG] | o.s.w.s.m.m.a.RequestMappingHandlerMapping | 15 mappings in 'requestMappingHandlerMapping'
[22:06:23.644] [DEBUG] | o.s.w.s.h.SimpleUrlHandlerMapping | Patterns [/webjars/**, /**] in 'resourceHandlerMapping'
[22:06:23.672] [DEBUG] | o.s.w.s.m.m.a.ExceptionHandlerExceptionResolver | ControllerAdvice beans: 1 @ExceptionHandler, 1 ResponseBodyAdvice
[22:06:25.634] [DEBUG] | o.s.w.s.m.m.a.RequestMappingHandlerMapping | Mapped to com.webatoz.backend.interfaces.board.BoardController#getBoards(Pageable, PagedResourcesAssembler)
[22:06:25.894] [DEBUG] | o.s.w.s.m.m.a.HttpEntityMethodProcessor | Using 'application/hal+json', given [*/*] and supported [application/hal+json, application/json, application/json, application/*+json, application/json, application/*+json]
[22:06:25.898] [DEBUG] | o.s.w.s.m.m.a.HttpEntityMethodProcessor | Writing [PagedResource { content: [links: [], links: [], links: [], links: [], links: [], links: [], links: [ (truncated)...]
[22:06:26.081] [DEBUG] | o.s.w.c.s.GenericWebApplicationContext | Closing org.springframework.web.context.support.GenericWebApplicationContext@107f7e52, started on Tue Jun 16 22:06:14 KST 2020, parent: org.springframework.context.annotation.AnnotationConfigApplicationContext@3a54b2a0
[22:12:23.105] [DEBUG] | o.s.w.c.s.GenericWebApplicationContext | Refreshing org.springframework.web.context.support.GenericWebApplicationContext@7590be38
[22:12:25.245] [WARN ] | o.s.w.c.s.GenericWebApplicationContext | Exception encountered during context initialization - cancelling refresh attempt: org.springframework.beans.factory.BeanCreationException: Error creating bean with name 'org.springframework.cloud.autoconfigure.RefreshAutoConfiguration$JpaInvokerConfiguration': Invocation of init method failed; nested exception is org.springframework.beans.factory.BeanCreationException: Error creating bean with name 'org.springframework.boot.autoconfigure.jdbc.DataSourceInitializerInvoker': Invocation of init method failed; nested exception is org.springframework.boot.context.properties.ConfigurationPropertiesBindException: Error creating bean with name 'webatoz': Could not bind properties to 'Webatoz' : prefix=spring.datasource.webatoz, ignoreInvalidFields=false, ignoreUnknownFields=true; nested exception is org.springframework.boot.context.properties.bind.BindException: Failed to bind properties under 'spring.datasource.webatoz.password' to java.lang.String
[22:12:27.012] [DEBUG] | o.s.w.c.s.GenericWebApplicationContext | Refreshing org.springframework.web.context.support.GenericWebApplicationContext@38be799f
[22:12:27.673] [WARN ] | o.s.w.c.s.GenericWebApplicationContext | Exception encountered during context initialization - cancelling refresh attempt: org.springframework.beans.factory.BeanCreationException: Error creating bean with name 'org.springframework.cloud.autoconfigure.RefreshAutoConfiguration$JpaInvokerConfiguration': Invocation of init method failed; nested exception is org.springframework.beans.factory.BeanCreationException: Error creating bean with name 'org.springframework.boot.autoconfigure.jdbc.DataSourceInitializerInvoker': Invocation of init method failed; nested exception is org.springframework.boot.context.properties.ConfigurationPropertiesBindException: Error creating bean with name 'webatoz': Could not bind properties to 'Webatoz' : prefix=spring.datasource.webatoz, ignoreInvalidFields=false, ignoreUnknownFields=true; nested exception is org.springframework.boot.context.properties.bind.BindException: Failed to bind properties under 'spring.datasource.webatoz.password' to java.lang.String
[22:12:28.092] [DEBUG] | o.s.w.c.s.GenericWebApplicationContext | Refreshing org.springframework.web.context.support.GenericWebApplicationContext@7101dba8
[22:12:28.710] [WARN ] | o.s.w.c.s.GenericWebApplicationContext | Exception encountered during context initialization - cancelling refresh attempt: org.springframework.beans.factory.BeanCreationException: Error creating bean with name 'org.springframework.cloud.autoconfigure.RefreshAutoConfiguration$JpaInvokerConfiguration': Invocation of init method failed; nested exception is org.springframework.beans.factory.BeanCreationException: Error creating bean with name 'org.springframework.boot.autoconfigure.jdbc.DataSourceInitializerInvoker': Invocation of init method failed; nested exception is org.springframework.boot.context.properties.ConfigurationPropertiesBindException: Error creating bean with name 'webatoz': Could not bind properties to 'Webatoz' : prefix=spring.datasource.webatoz, ignoreInvalidFields=false, ignoreUnknownFields=true; nested exception is org.springframework.boot.context.properties.bind.BindException: Failed to bind properties under 'spring.datasource.webatoz.password' to java.lang.String
[22:12:29.012] [DEBUG] | o.s.w.c.s.GenericWebApplicationContext | Refreshing org.springframework.web.context.support.GenericWebApplicationContext@4acd5824
[22:12:29.657] [WARN ] | o.s.w.c.s.GenericWebApplicationContext | Exception encountered during context initialization - cancelling refresh attempt: org.springframework.beans.factory.BeanCreationException: Error creating bean with name 'org.springframework.cloud.autoconfigure.RefreshAutoConfiguration$JpaInvokerConfiguration': Invocation of init method failed; nested exception is org.springframework.beans.factory.BeanCreationException: Error creating bean with name 'org.springframework.boot.autoconfigure.jdbc.DataSourceInitializerInvoker': Invocation of init method failed; nested exception is org.springframework.boot.context.properties.ConfigurationPropertiesBindException: Error creating bean with name 'webatoz': Could not bind properties to 'Webatoz' : prefix=spring.datasource.webatoz, ignoreInvalidFields=false, ignoreUnknownFields=true; nested exception is org.springframework.boot.context.properties.bind.BindException: Failed to bind properties under 'spring.datasource.webatoz.password' to java.lang.String
[22:12:44.887] [DEBUG] | o.s.w.c.s.GenericWebApplicationContext | Refreshing org.springframework.web.context.support.GenericWebApplicationContext@180fa85a
[22:12:53.591] [DEBUG] | o.s.w.s.m.m.a.RequestMappingHandlerAdapter | ControllerAdvice beans: 0 @ModelAttribute, 0 @InitBinder, 1 RequestBodyAdvice, 1 ResponseBodyAdvice
[22:12:53.708] [DEBUG] | o.s.w.s.m.m.a.RequestMappingHandlerMapping | 15 mappings in 'requestMappingHandlerMapping'
[22:12:53.791] [DEBUG] | o.s.w.s.h.SimpleUrlHandlerMapping | Patterns [/webjars/**, /**] in 'resourceHandlerMapping'
[22:12:53.814] [DEBUG] | o.s.w.s.m.m.a.ExceptionHandlerExceptionResolver | ControllerAdvice beans: 1 @ExceptionHandler, 1 ResponseBodyAdvice
[22:12:55.875] [DEBUG] | o.s.w.s.m.m.a.RequestMappingHandlerMapping | Mapped to com.webatoz.backend.interfaces.board.BoardController#getBoards(Pageable, PagedResourcesAssembler)
[22:12:56.127] [DEBUG] | o.s.w.s.m.m.a.HttpEntityMethodProcessor | Using 'application/hal+json', given [*/*] and supported [application/hal+json, application/json, application/json, application/*+json, application/json, application/*+json]
[22:12:56.129] [DEBUG] | o.s.w.s.m.m.a.HttpEntityMethodProcessor | Writing [PagedResource { content: [links: [], links: [], links: [], links: [], links: [], links: [], links: [ (truncated)...]
[22:12:56.467] [DEBUG] | o.s.w.c.s.GenericWebApplicationContext | Closing org.springframework.web.context.support.GenericWebApplicationContext@180fa85a, started on Tue Jun 16 22:12:44 KST 2020, parent: org.springframework.context.annotation.AnnotationConfigApplicationContext@80dadbb
[22:19:09.376] [DEBUG] | o.s.web.context.ContextLoader | Published root WebApplicationContext as ServletContext attribute with name [org.springframework.web.context.WebApplicationContext.ROOT]
[22:19:09.386] [INFO ] | o.s.web.context.ContextLoader | Root WebApplicationContext: initialization completed in 2109 ms
[22:19:31.773] [DEBUG] | o.s.web.context.ContextLoader | Published root WebApplicationContext as ServletContext attribute with name [org.springframework.web.context.WebApplicationContext.ROOT]
[22:19:31.773] [INFO ] | o.s.web.context.ContextLoader | Root WebApplicationContext: initialization completed in 2113 ms
[22:19:37.541] [DEBUG] | o.s.w.s.m.m.a.RequestMappingHandlerAdapter | ControllerAdvice beans: 0 @ModelAttribute, 0 @InitBinder, 1 RequestBodyAdvice, 1 ResponseBodyAdvice
[22:19:37.588] [DEBUG] | o.s.w.s.m.m.a.RequestMappingHandlerMapping | 15 mappings in 'requestMappingHandlerMapping'
[22:19:37.628] [DEBUG] | o.s.w.s.h.SimpleUrlHandlerMapping | Patterns [/webjars/**, /**] in 'resourceHandlerMapping'
[22:19:37.639] [DEBUG] | o.s.w.s.m.m.a.ExceptionHandlerExceptionResolver | ControllerAdvice beans: 1 @ExceptionHandler, 1 ResponseBodyAdvice
[22:19:38.923] [INFO ] | o.s.web.servlet.DispatcherServlet | Initializing Servlet 'dispatcherServlet'
[22:19:38.923] [DEBUG] | o.s.web.servlet.DispatcherServlet | Detected StandardServletMultipartResolver
[22:19:38.933] [DEBUG] | o.s.web.servlet.DispatcherServlet | enableLoggingRequestDetails='false': request parameters and headers will be masked to prevent unsafe logging of potentially sensitive data
[22:19:38.933] [INFO ] | o.s.web.servlet.DispatcherServlet | Completed initialization in 10 ms
[22:19:42.275] [DEBUG] | o.s.web.servlet.DispatcherServlet | GET "/boards", parameters={}
[22:19:42.282] [DEBUG] | o.s.w.s.m.m.a.RequestMappingHandlerMapping | Mapped to com.webatoz.backend.interfaces.board.BoardController#getBoards(Pageable, PagedResourcesAssembler)
[22:19:42.442] [DEBUG] | o.s.w.s.m.m.a.HttpEntityMethodProcessor | Using 'application/hal+json', given [*/*] and supported [application/hal+json, application/json, application/json, application/*+json, application/json, application/*+json]
[22:19:42.444] [DEBUG] | o.s.w.s.m.m.a.HttpEntityMethodProcessor | Writing [PagedResource { content: [links: [], links: [], links: [], links: [], links: [], links: [], links: [ (truncated)...]
[22:19:42.483] [DEBUG] | o.s.web.servlet.DispatcherServlet | Completed 200 OK
[22:33:28.837] [DEBUG] | o.s.w.c.s.GenericWebApplicationContext | Refreshing org.springframework.web.context.support.GenericWebApplicationContext@54380fc6
[22:33:31.387] [WARN ] | o.s.w.c.s.GenericWebApplicationContext | Exception encountered during context initialization - cancelling refresh attempt: org.springframework.beans.factory.BeanCreationException: Error creating bean with name 'org.springframework.cloud.autoconfigure.RefreshAutoConfiguration$JpaInvokerConfiguration': Invocation of init method failed; nested exception is org.springframework.beans.factory.BeanCreationException: Error creating bean with name 'org.springframework.boot.autoconfigure.jdbc.DataSourceInitializerInvoker': Invocation of init method failed; nested exception is org.springframework.boot.context.properties.ConfigurationPropertiesBindException: Error creating bean with name 'webatoz': Could not bind properties to 'Webatoz' : prefix=spring.datasource.webatoz, ignoreInvalidFields=false, ignoreUnknownFields=true; nested exception is org.springframework.boot.context.properties.bind.BindException: Failed to bind properties under 'spring.datasource.webatoz.password' to java.lang.String
[22:34:18.896] [DEBUG] | o.s.w.c.s.GenericWebApplicationContext | Refreshing org.springframework.web.context.support.GenericWebApplicationContext@43ef04d0
[22:34:29.993] [DEBUG] | o.s.w.s.m.m.a.RequestMappingHandlerAdapter | ControllerAdvice beans: 0 @ModelAttribute, 0 @InitBinder, 1 RequestBodyAdvice, 1 ResponseBodyAdvice
[22:34:30.128] [DEBUG] | o.s.w.s.m.m.a.RequestMappingHandlerMapping | 15 mappings in 'requestMappingHandlerMapping'
[22:34:30.201] [DEBUG] | o.s.w.s.h.SimpleUrlHandlerMapping | Patterns [/webjars/**, /**] in 'resourceHandlerMapping'
[22:34:30.227] [DEBUG] | o.s.w.s.m.m.a.ExceptionHandlerExceptionResolver | ControllerAdvice beans: 1 @ExceptionHandler, 1 ResponseBodyAdvice
[22:34:32.264] [DEBUG] | o.s.w.s.m.m.a.RequestMappingHandlerMapping | Mapped to com.webatoz.backend.interfaces.board.BoardController#getBoards(Pageable, PagedResourcesAssembler)
[22:34:32.546] [DEBUG] | o.s.w.s.m.m.a.HttpEntityMethodProcessor | Using 'application/hal+json', given [application/hal+json] and supported [application/hal+json, application/json, application/json, application/*+json, application/json, application/*+json]
[22:34:32.548] [DEBUG] | o.s.w.s.m.m.a.HttpEntityMethodProcessor | Writing [PagedResource { content: [links: [], links: [], links: [], links: [], links: [], links: [], links: [ (truncated)...]
[22:34:32.729] [DEBUG] | o.s.w.c.s.GenericWebApplicationContext | Closing org.springframework.web.context.support.GenericWebApplicationContext@43ef04d0, started on Tue Jun 16 22:34:18 KST 2020, parent: org.springframework.context.annotation.AnnotationConfigApplicationContext@4e3c05aa
[22:35:15.738] [DEBUG] | o.s.w.c.s.GenericWebApplicationContext | Refreshing org.springframework.web.context.support.GenericWebApplicationContext@3f81754c
[22:35:24.859] [DEBUG] | o.s.w.s.m.m.a.RequestMappingHandlerAdapter | ControllerAdvice beans: 0 @ModelAttribute, 0 @InitBinder, 1 RequestBodyAdvice, 1 ResponseBodyAdvice
[22:35:24.968] [DEBUG] | o.s.w.s.m.m.a.RequestMappingHandlerMapping | 15 mappings in 'requestMappingHandlerMapping'
[22:35:25.070] [DEBUG] | o.s.w.s.h.SimpleUrlHandlerMapping | Patterns [/webjars/**, /**] in 'resourceHandlerMapping'
[22:35:25.129] [DEBUG] | o.s.w.s.m.m.a.ExceptionHandlerExceptionResolver | ControllerAdvice beans: 1 @ExceptionHandler, 1 ResponseBodyAdvice
[22:35:27.500] [DEBUG] | o.s.w.s.m.m.a.RequestMappingHandlerMapping | Mapped to com.webatoz.backend.interfaces.board.BoardController#getBoards(Pageable, PagedResourcesAssembler)
[22:35:27.755] [DEBUG] | o.s.w.s.m.m.a.HttpEntityMethodProcessor | Using 'application/hal+json', given [application/hal+json] and supported [application/hal+json, application/json, application/json, application/*+json, application/json, application/*+json]
[22:35:27.757] [DEBUG] | o.s.w.s.m.m.a.HttpEntityMethodProcessor | Writing [PagedResource { content: [links: [], links: [], links: [], links: [], links: [], links: [], links: [ (truncated)...]
[22:35:28.117] [DEBUG] | o.s.w.c.s.GenericWebApplicationContext | Closing org.springframework.web.context.support.GenericWebApplicationContext@3f81754c, started on Tue Jun 16 22:35:15 KST 2020, parent: org.springframework.context.annotation.AnnotationConfigApplicationContext@42b20822
[22:36:06.489] [DEBUG] | o.s.w.c.s.GenericWebApplicationContext | Refreshing org.springframework.web.context.support.GenericWebApplicationContext@5e86cbd7
[22:36:15.704] [DEBUG] | o.s.w.s.m.m.a.RequestMappingHandlerAdapter | ControllerAdvice beans: 0 @ModelAttribute, 0 @InitBinder, 1 RequestBodyAdvice, 1 ResponseBodyAdvice
[22:36:15.815] [DEBUG] | o.s.w.s.m.m.a.RequestMappingHandlerMapping | 15 mappings in 'requestMappingHandlerMapping'
[22:36:15.954] [DEBUG] | o.s.w.s.h.SimpleUrlHandlerMapping | Patterns [/webjars/**, /**] in 'resourceHandlerMapping'
[22:36:15.989] [DEBUG] | o.s.w.s.m.m.a.ExceptionHandlerExceptionResolver | ControllerAdvice beans: 1 @ExceptionHandler, 1 ResponseBodyAdvice
[22:36:18.172] [DEBUG] | o.s.w.s.m.m.a.RequestMappingHandlerMapping | Mapped to com.webatoz.backend.interfaces.board.BoardController#getBoards(Pageable, PagedResourcesAssembler)
[22:36:18.419] [DEBUG] | o.s.w.s.m.m.a.HttpEntityMethodProcessor | Using 'application/hal+json', given [application/hal+json] and supported [application/hal+json, application/json, application/json, application/*+json, application/json, application/*+json]
[22:36:18.421] [DEBUG] | o.s.w.s.m.m.a.HttpEntityMethodProcessor | Writing [PagedResource { content: [links: [], links: [], links: [], links: [], links: [], links: [], links: [ (truncated)...]
[22:36:18.629] [DEBUG] | o.s.w.c.s.GenericWebApplicationContext | Closing org.springframework.web.context.support.GenericWebApplicationContext@5e86cbd7, started on Tue Jun 16 22:36:06 KST 2020, parent: org.springframework.context.annotation.AnnotationConfigApplicationContext@2d5fc110
[22:36:31.071] [DEBUG] | o.s.web.servlet.DispatcherServlet | GET "/boards/2", parameters={}
[22:36:31.083] [DEBUG] | o.s.w.s.m.m.a.RequestMappingHandlerMapping | Mapped to com.webatoz.backend.interfaces.board.BoardController#getBoardLinks(Pageable, PagedResourcesAssembler)
[22:36:31.181] [DEBUG] | o.s.w.s.m.m.a.HttpEntityMethodProcessor | Using 'application/hal+json', given [*/*] and supported [application/hal+json, application/json, application/json, application/*+json, application/json, application/*+json]
[22:36:31.183] [DEBUG] | o.s.w.s.m.m.a.HttpEntityMethodProcessor | Writing [PagedResource { content: [Resource { content: com.webatoz.backend.database.webatoz.board.Board@acacf (truncated)...]
[22:36:31.209] [DEBUG] | o.s.web.servlet.DispatcherServlet | Completed 200 OK
[22:37:34.003] [DEBUG] | o.s.w.c.s.GenericWebApplicationContext | Refreshing org.springframework.web.context.support.GenericWebApplicationContext@66beb8dc
[22:37:44.326] [DEBUG] | o.s.w.s.m.m.a.RequestMappingHandlerAdapter | ControllerAdvice beans: 0 @ModelAttribute, 0 @InitBinder, 1 RequestBodyAdvice, 1 ResponseBodyAdvice
[22:37:44.436] [DEBUG] | o.s.w.s.m.m.a.RequestMappingHandlerMapping | 15 mappings in 'requestMappingHandlerMapping'
[22:37:44.546] [DEBUG] | o.s.w.s.h.SimpleUrlHandlerMapping | Patterns [/webjars/**, /**] in 'resourceHandlerMapping'
[22:37:44.573] [DEBUG] | o.s.w.s.m.m.a.ExceptionHandlerExceptionResolver | ControllerAdvice beans: 1 @ExceptionHandler, 1 ResponseBodyAdvice
[22:37:47.070] [DEBUG] | o.s.w.s.m.m.a.RequestMappingHandlerMapping | Mapped to com.webatoz.backend.interfaces.board.BoardController#getBoardLinks(Pageable, PagedResourcesAssembler)
[22:37:47.357] [DEBUG] | o.s.w.s.m.m.a.HttpEntityMethodProcessor | Using 'application/hal+json', given [application/hal+json] and supported [application/hal+json, application/json, application/json, application/*+json, application/json, application/*+json]
[22:37:47.360] [DEBUG] | o.s.w.s.m.m.a.HttpEntityMethodProcessor | Writing [PagedResource { content: [Resource { content: com.webatoz.backend.database.webatoz.board.Board@acacf (truncated)...]
[22:37:47.570] [DEBUG] | o.s.w.c.s.GenericWebApplicationContext | Closing org.springframework.web.context.support.GenericWebApplicationContext@66beb8dc, started on Tue Jun 16 22:37:34 KST 2020, parent: org.springframework.context.annotation.AnnotationConfigApplicationContext@feebab2
[22:38:16.756] [DEBUG] | o.s.web.servlet.DispatcherServlet | GET "/boards", parameters={}
[22:38:16.757] [DEBUG] | o.s.w.s.m.m.a.RequestMappingHandlerMapping | Mapped to com.webatoz.backend.interfaces.board.BoardController#getBoards(Pageable, PagedResourcesAssembler)
[22:38:16.799] [DEBUG] | o.s.w.s.m.m.a.HttpEntityMethodProcessor | Using 'application/hal+json', given [*/*] and supported [application/hal+json, application/json, application/json, application/*+json, application/json, application/*+json]
[22:38:16.800] [DEBUG] | o.s.w.s.m.m.a.HttpEntityMethodProcessor | Writing [PagedResource { content: [links: [], links: [], links: [], links: [], links: [], links: [], links: [ (truncated)...]
[22:38:16.805] [DEBUG] | o.s.web.servlet.DispatcherServlet | Completed 200 OK
[22:39:07.289] [DEBUG] | o.s.w.c.s.GenericWebApplicationContext | Refreshing org.springframework.web.context.support.GenericWebApplicationContext@5e86cbd7
[22:39:18.940] [DEBUG] | o.s.w.s.m.m.a.RequestMappingHandlerAdapter | ControllerAdvice beans: 0 @ModelAttribute, 0 @InitBinder, 1 RequestBodyAdvice, 1 ResponseBodyAdvice
[22:39:19.043] [DEBUG] | o.s.w.s.m.m.a.RequestMappingHandlerMapping | 15 mappings in 'requestMappingHandlerMapping'
[22:39:19.152] [DEBUG] | o.s.w.s.h.SimpleUrlHandlerMapping | Patterns [/webjars/**, /**] in 'resourceHandlerMapping'
[22:39:19.173] [DEBUG] | o.s.w.s.m.m.a.ExceptionHandlerExceptionResolver | ControllerAdvice beans: 1 @ExceptionHandler, 1 ResponseBodyAdvice
[22:39:21.669] [DEBUG] | o.s.w.s.m.m.a.RequestMappingHandlerMapping | Mapped to com.webatoz.backend.interfaces.board.BoardController#getBoards(Pageable, PagedResourcesAssembler)
[22:39:21.993] [DEBUG] | o.s.w.s.m.m.a.HttpEntityMethodProcessor | Using 'application/hal+json', given [application/hal+json] and supported [application/hal+json, application/json, application/json, application/*+json, application/json, application/*+json]
[22:39:21.996] [DEBUG] | o.s.w.s.m.m.a.HttpEntityMethodProcessor | Writing [PagedResource { content: [links: [], links: [], links: [], links: [], links: [], links: [], links: [ (truncated)...]
[22:39:22.193] [DEBUG] | o.s.w.c.s.GenericWebApplicationContext | Closing org.springframework.web.context.support.GenericWebApplicationContext@5e86cbd7, started on Tue Jun 16 22:39:07 KST 2020, parent: org.springframework.context.annotation.AnnotationConfigApplicationContext@2d5fc110
[22:43:26.782] [DEBUG] | o.s.web.context.ContextLoader | Published root WebApplicationContext as ServletContext attribute with name [org.springframework.web.context.WebApplicationContext.ROOT]
[22:43:26.782] [INFO ] | o.s.web.context.ContextLoader | Root WebApplicationContext: initialization completed in 2382 ms
[22:43:33.626] [DEBUG] | o.s.w.s.m.m.a.RequestMappingHandlerAdapter | ControllerAdvice beans: 0 @ModelAttribute, 0 @InitBinder, 1 RequestBodyAdvice, 1 ResponseBodyAdvice
[22:43:33.678] [DEBUG] | o.s.w.s.m.m.a.RequestMappingHandlerMapping | 15 mappings in 'requestMappingHandlerMapping'
[22:43:33.714] [DEBUG] | o.s.w.s.h.SimpleUrlHandlerMapping | Patterns [/webjars/**, /**] in 'resourceHandlerMapping'
[22:43:33.726] [DEBUG] | o.s.w.s.m.m.a.ExceptionHandlerExceptionResolver | ControllerAdvice beans: 1 @ExceptionHandler, 1 ResponseBodyAdvice
[22:43:34.661] [INFO ] | o.s.web.servlet.DispatcherServlet | Initializing Servlet 'dispatcherServlet'
[22:43:34.662] [DEBUG] | o.s.web.servlet.DispatcherServlet | Detected StandardServletMultipartResolver
[22:43:34.690] [DEBUG] | o.s.web.servlet.DispatcherServlet | enableLoggingRequestDetails='false': request parameters and headers will be masked to prevent unsafe logging of potentially sensitive data
[22:43:34.690] [INFO ] | o.s.web.servlet.DispatcherServlet | Completed initialization in 29 ms
[22:43:55.315] [DEBUG] | o.s.web.servlet.DispatcherServlet | GET "/docs/index.html", parameters={}
[22:43:55.323] [DEBUG] | o.s.w.s.h.SimpleUrlHandlerMapping | Mapped to ResourceHttpRequestHandler ["classpath:/META-INF/resources/", "classpath:/resources/", "classpath:/static/", "classpath:/public/", "/"]
[22:43:55.329] [DEBUG] | o.s.w.s.r.ResourceHttpRequestHandler | Resource not found
[22:43:55.330] [DEBUG] | o.s.web.servlet.DispatcherServlet | Completed 404 NOT_FOUND
[22:43:55.337] [DEBUG] | o.s.web.servlet.DispatcherServlet | "ERROR" dispatch for GET "/error", parameters={}
[22:43:55.339] [DEBUG] | o.s.w.s.m.m.a.RequestMappingHandlerMapping | Mapped to org.springframework.boot.autoconfigure.web.servlet.error.BasicErrorController#errorHtml(HttpServletRequest, HttpServletResponse)
[22:43:55.357] [DEBUG] | o.s.w.s.v.ContentNegotiatingViewResolver | Selected 'text/html' given [text/html, text/html;q=0.8]
[22:43:55.360] [DEBUG] | o.s.web.servlet.DispatcherServlet | Exiting from "ERROR" dispatch, status 404
[22:43:55.402] [DEBUG] | o.s.web.servlet.DispatcherServlet | GET "/favicon.ico", parameters={}
[22:43:55.403] [DEBUG] | o.s.w.s.h.SimpleUrlHandlerMapping | Mapped to ResourceHttpRequestHandler ["classpath:/META-INF/resources/", "classpath:/resources/", "classpath:/static/", "classpath:/public/", "/"]
[22:43:55.408] [DEBUG] | o.s.w.s.r.ResourceHttpRequestHandler | Resource not found
[22:43:55.408] [DEBUG] | o.s.web.servlet.DispatcherServlet | Completed 404 NOT_FOUND
[22:43:55.409] [DEBUG] | o.s.web.servlet.DispatcherServlet | "ERROR" dispatch for GET "/error", parameters={}
[22:43:55.411] [DEBUG] | o.s.w.s.m.m.a.RequestMappingHandlerMapping | Mapped to org.springframework.boot.autoconfigure.web.servlet.error.BasicErrorController#error(HttpServletRequest)
[22:43:55.424] [DEBUG] | o.s.w.s.m.m.a.HttpEntityMethodProcessor | Using 'application/json;q=0.8', given [image/webp, image/apng, image/*, */*;q=0.8] and supported [application/json, application/*+json, application/json, application/*+json]
[22:43:55.425] [DEBUG] | o.s.w.s.m.m.a.HttpEntityMethodProcessor | Writing [{timestamp=Tue Jun 16 22:43:55 KST 2020, status=404, error=Not Found, message=No message available,  (truncated)...]
[22:43:55.441] [DEBUG] | o.s.web.servlet.DispatcherServlet | Exiting from "ERROR" dispatch, status 404
[22:45:05.256] [DEBUG] | o.s.web.servlet.DispatcherServlet | GET "/docs/asciidoc/index.html", parameters={}
[22:45:05.257] [DEBUG] | o.s.w.s.h.SimpleUrlHandlerMapping | Mapped to ResourceHttpRequestHandler ["classpath:/META-INF/resources/", "classpath:/resources/", "classpath:/static/", "classpath:/public/", "/"]
[22:45:05.260] [DEBUG] | o.s.w.s.r.ResourceHttpRequestHandler | Resource not found
[22:45:05.261] [DEBUG] | o.s.web.servlet.DispatcherServlet | Completed 404 NOT_FOUND
[22:45:05.261] [DEBUG] | o.s.web.servlet.DispatcherServlet | "ERROR" dispatch for GET "/error", parameters={}
[22:45:05.262] [DEBUG] | o.s.w.s.m.m.a.RequestMappingHandlerMapping | Mapped to org.springframework.boot.autoconfigure.web.servlet.error.BasicErrorController#errorHtml(HttpServletRequest, HttpServletResponse)
[22:45:05.269] [DEBUG] | o.s.w.s.v.ContentNegotiatingViewResolver | Selected 'text/html' given [text/html, text/html;q=0.8]
[22:45:05.269] [DEBUG] | o.s.web.servlet.DispatcherServlet | Exiting from "ERROR" dispatch, status 404
[22:45:11.532] [DEBUG] | o.s.web.servlet.DispatcherServlet | GET "/boards", parameters={}
[22:45:11.533] [DEBUG] | o.s.w.s.m.m.a.RequestMappingHandlerMapping | Mapped to com.webatoz.backend.interfaces.board.BoardController#getBoards(Pageable, PagedResourcesAssembler)
[22:45:11.678] [DEBUG] | o.s.w.s.m.m.a.HttpEntityMethodProcessor | Using 'application/hal+json;q=0.8', given [text/html, application/xhtml+xml, image/webp, image/apng, application/xml;q=0.9, application/signed-exchange;v=b3;q=0.9, */*;q=0.8] and supported [application/hal+json, application/json, application/json, application/*+json, application/json, application/*+json]
[22:45:11.679] [DEBUG] | o.s.w.s.m.m.a.HttpEntityMethodProcessor | Writing [PagedResource { content: [links: [], links: [], links: [], links: [], links: [], links: [], links: [ (truncated)...]
[22:45:11.702] [DEBUG] | o.s.web.servlet.DispatcherServlet | Completed 200 OK
[22:45:39.260] [DEBUG] | o.s.web.servlet.DispatcherServlet | GET "/docs/index.html", parameters={}
[22:45:39.262] [DEBUG] | o.s.w.s.h.SimpleUrlHandlerMapping | Mapped to ResourceHttpRequestHandler ["classpath:/META-INF/resources/", "classpath:/resources/", "classpath:/static/", "classpath:/public/", "/"]
[22:45:39.266] [DEBUG] | o.s.w.s.r.ResourceHttpRequestHandler | Resource not found
[22:45:39.267] [DEBUG] | o.s.web.servlet.DispatcherServlet | Completed 404 NOT_FOUND
[22:45:39.268] [DEBUG] | o.s.web.servlet.DispatcherServlet | "ERROR" dispatch for GET "/error", parameters={}
[22:45:39.269] [DEBUG] | o.s.w.s.m.m.a.RequestMappingHandlerMapping | Mapped to org.springframework.boot.autoconfigure.web.servlet.error.BasicErrorController#errorHtml(HttpServletRequest, HttpServletResponse)
[22:45:39.276] [DEBUG] | o.s.w.s.v.ContentNegotiatingViewResolver | Selected 'text/html' given [text/html, text/html;q=0.8]
[22:45:39.277] [DEBUG] | o.s.web.servlet.DispatcherServlet | Exiting from "ERROR" dispatch, status 404
[22:47:25.438] [DEBUG] | o.s.web.servlet.DispatcherServlet | GET "/boards", parameters={}
[22:47:25.439] [DEBUG] | o.s.w.s.m.m.a.RequestMappingHandlerMapping | Mapped to com.webatoz.backend.interfaces.board.BoardController#getBoards(Pageable, PagedResourcesAssembler)
[22:47:25.549] [DEBUG] | o.s.w.s.m.m.a.HttpEntityMethodProcessor | Using 'application/hal+json;q=0.8', given [text/html, application/xhtml+xml, image/webp, image/apng, application/xml;q=0.9, application/signed-exchange;v=b3;q=0.9, */*;q=0.8] and supported [application/hal+json, application/json, application/json, application/*+json, application/json, application/*+json]
[22:47:25.549] [DEBUG] | o.s.w.s.m.m.a.HttpEntityMethodProcessor | Writing [PagedResource { content: [links: [], links: [], links: [], links: [], links: [], links: [], links: [ (truncated)...]
[22:47:25.553] [DEBUG] | o.s.web.servlet.DispatcherServlet | Completed 200 OK
[22:47:28.884] [DEBUG] | o.s.web.servlet.DispatcherServlet | GET "/docs/index.html", parameters={}
[22:47:28.885] [DEBUG] | o.s.w.s.h.SimpleUrlHandlerMapping | Mapped to ResourceHttpRequestHandler ["classpath:/META-INF/resources/", "classpath:/resources/", "classpath:/static/", "classpath:/public/", "/"]
[22:47:28.887] [DEBUG] | o.s.w.s.r.ResourceHttpRequestHandler | Resource not found
[22:47:28.887] [DEBUG] | o.s.web.servlet.DispatcherServlet | Completed 404 NOT_FOUND
[22:47:28.887] [DEBUG] | o.s.web.servlet.DispatcherServlet | "ERROR" dispatch for GET "/error", parameters={}
[22:47:28.888] [DEBUG] | o.s.w.s.m.m.a.RequestMappingHandlerMapping | Mapped to org.springframework.boot.autoconfigure.web.servlet.error.BasicErrorController#errorHtml(HttpServletRequest, HttpServletResponse)
[22:47:28.894] [DEBUG] | o.s.w.s.v.ContentNegotiatingViewResolver | Selected 'text/html' given [text/html, text/html;q=0.8]
[22:47:28.895] [DEBUG] | o.s.web.servlet.DispatcherServlet | Exiting from "ERROR" dispatch, status 404
[22:47:51.086] [DEBUG] | o.s.w.c.s.GenericWebApplicationContext | Refreshing org.springframework.web.context.support.GenericWebApplicationContext@7cd81f94
[22:47:52.964] [WARN ] | o.s.w.c.s.GenericWebApplicationContext | Exception encountered during context initialization - cancelling refresh attempt: org.springframework.beans.factory.BeanCreationException: Error creating bean with name 'org.springframework.cloud.autoconfigure.RefreshAutoConfiguration$JpaInvokerConfiguration': Invocation of init method failed; nested exception is org.springframework.beans.factory.BeanCreationException: Error creating bean with name 'org.springframework.boot.autoconfigure.jdbc.DataSourceInitializerInvoker': Invocation of init method failed; nested exception is org.springframework.boot.context.properties.ConfigurationPropertiesBindException: Error creating bean with name 'webatoz': Could not bind properties to 'Webatoz' : prefix=spring.datasource.webatoz, ignoreInvalidFields=false, ignoreUnknownFields=true; nested exception is org.springframework.boot.context.properties.bind.BindException: Failed to bind properties under 'spring.datasource.webatoz.password' to java.lang.String
[22:47:53.358] [DEBUG] | o.s.w.c.s.GenericWebApplicationContext | Refreshing org.springframework.web.context.support.GenericWebApplicationContext@23a2dd26
[22:47:54.088] [WARN ] | o.s.w.c.s.GenericWebApplicationContext | Exception encountered during context initialization - cancelling refresh attempt: org.springframework.beans.factory.BeanCreationException: Error creating bean with name 'org.springframework.cloud.autoconfigure.RefreshAutoConfiguration$JpaInvokerConfiguration': Invocation of init method failed; nested exception is org.springframework.beans.factory.BeanCreationException: Error creating bean with name 'org.springframework.boot.autoconfigure.jdbc.DataSourceInitializerInvoker': Invocation of init method failed; nested exception is org.springframework.boot.context.properties.ConfigurationPropertiesBindException: Error creating bean with name 'webatoz': Could not bind properties to 'Webatoz' : prefix=spring.datasource.webatoz, ignoreInvalidFields=false, ignoreUnknownFields=true; nested exception is org.springframework.boot.context.properties.bind.BindException: Failed to bind properties under 'spring.datasource.webatoz.password' to java.lang.String
[22:47:54.513] [DEBUG] | o.s.w.c.s.GenericWebApplicationContext | Refreshing org.springframework.web.context.support.GenericWebApplicationContext@6b04c410
[22:47:55.096] [WARN ] | o.s.w.c.s.GenericWebApplicationContext | Exception encountered during context initialization - cancelling refresh attempt: org.springframework.beans.factory.BeanCreationException: Error creating bean with name 'org.springframework.cloud.autoconfigure.RefreshAutoConfiguration$JpaInvokerConfiguration': Invocation of init method failed; nested exception is org.springframework.beans.factory.BeanCreationException: Error creating bean with name 'org.springframework.boot.autoconfigure.jdbc.DataSourceInitializerInvoker': Invocation of init method failed; nested exception is org.springframework.boot.context.properties.ConfigurationPropertiesBindException: Error creating bean with name 'webatoz': Could not bind properties to 'Webatoz' : prefix=spring.datasource.webatoz, ignoreInvalidFields=false, ignoreUnknownFields=true; nested exception is org.springframework.boot.context.properties.bind.BindException: Failed to bind properties under 'spring.datasource.webatoz.password' to java.lang.String
[22:47:55.446] [DEBUG] | o.s.w.c.s.GenericWebApplicationContext | Refreshing org.springframework.web.context.support.GenericWebApplicationContext@699ec3ae
[22:47:56.151] [WARN ] | o.s.w.c.s.GenericWebApplicationContext | Exception encountered during context initialization - cancelling refresh attempt: org.springframework.beans.factory.BeanCreationException: Error creating bean with name 'org.springframework.cloud.autoconfigure.RefreshAutoConfiguration$JpaInvokerConfiguration': Invocation of init method failed; nested exception is org.springframework.beans.factory.BeanCreationException: Error creating bean with name 'org.springframework.boot.autoconfigure.jdbc.DataSourceInitializerInvoker': Invocation of init method failed; nested exception is org.springframework.boot.context.properties.ConfigurationPropertiesBindException: Error creating bean with name 'webatoz': Could not bind properties to 'Webatoz' : prefix=spring.datasource.webatoz, ignoreInvalidFields=false, ignoreUnknownFields=true; nested exception is org.springframework.boot.context.properties.bind.BindException: Failed to bind properties under 'spring.datasource.webatoz.password' to java.lang.String
[22:53:59.724] [DEBUG] | o.s.w.c.s.GenericWebApplicationContext | Refreshing org.springframework.web.context.support.GenericWebApplicationContext@3f600dcb
[22:54:01.489] [WARN ] | o.s.w.c.s.GenericWebApplicationContext | Exception encountered during context initialization - cancelling refresh attempt: org.springframework.beans.factory.BeanCreationException: Error creating bean with name 'org.springframework.cloud.autoconfigure.RefreshAutoConfiguration$JpaInvokerConfiguration': Invocation of init method failed; nested exception is org.springframework.beans.factory.BeanCreationException: Error creating bean with name 'org.springframework.boot.autoconfigure.jdbc.DataSourceInitializerInvoker': Invocation of init method failed; nested exception is org.springframework.boot.context.properties.ConfigurationPropertiesBindException: Error creating bean with name 'webatoz': Could not bind properties to 'Webatoz' : prefix=spring.datasource.webatoz, ignoreInvalidFields=false, ignoreUnknownFields=true; nested exception is org.springframework.boot.context.properties.bind.BindException: Failed to bind properties under 'spring.datasource.webatoz.password' to java.lang.String
[22:54:01.832] [DEBUG] | o.s.w.c.s.GenericWebApplicationContext | Refreshing org.springframework.web.context.support.GenericWebApplicationContext@66593f13
[22:54:02.465] [WARN ] | o.s.w.c.s.GenericWebApplicationContext | Exception encountered during context initialization - cancelling refresh attempt: org.springframework.beans.factory.BeanCreationException: Error creating bean with name 'org.springframework.cloud.autoconfigure.RefreshAutoConfiguration$JpaInvokerConfiguration': Invocation of init method failed; nested exception is org.springframework.beans.factory.BeanCreationException: Error creating bean with name 'org.springframework.boot.autoconfigure.jdbc.DataSourceInitializerInvoker': Invocation of init method failed; nested exception is org.springframework.boot.context.properties.ConfigurationPropertiesBindException: Error creating bean with name 'webatoz': Could not bind properties to 'Webatoz' : prefix=spring.datasource.webatoz, ignoreInvalidFields=false, ignoreUnknownFields=true; nested exception is org.springframework.boot.context.properties.bind.BindException: Failed to bind properties under 'spring.datasource.webatoz.password' to java.lang.String
[22:54:02.714] [DEBUG] | o.s.w.c.s.GenericWebApplicationContext | Refreshing org.springframework.web.context.support.GenericWebApplicationContext@205cf3a7
[22:54:03.306] [WARN ] | o.s.w.c.s.GenericWebApplicationContext | Exception encountered during context initialization - cancelling refresh attempt: org.springframework.beans.factory.BeanCreationException: Error creating bean with name 'org.springframework.cloud.autoconfigure.RefreshAutoConfiguration$JpaInvokerConfiguration': Invocation of init method failed; nested exception is org.springframework.beans.factory.BeanCreationException: Error creating bean with name 'org.springframework.boot.autoconfigure.jdbc.DataSourceInitializerInvoker': Invocation of init method failed; nested exception is org.springframework.boot.context.properties.ConfigurationPropertiesBindException: Error creating bean with name 'webatoz': Could not bind properties to 'Webatoz' : prefix=spring.datasource.webatoz, ignoreInvalidFields=false, ignoreUnknownFields=true; nested exception is org.springframework.boot.context.properties.bind.BindException: Failed to bind properties under 'spring.datasource.webatoz.password' to java.lang.String
[22:54:03.712] [DEBUG] | o.s.w.c.s.GenericWebApplicationContext | Refreshing org.springframework.web.context.support.GenericWebApplicationContext@ffb58ed
[22:54:04.416] [WARN ] | o.s.w.c.s.GenericWebApplicationContext | Exception encountered during context initialization - cancelling refresh attempt: org.springframework.beans.factory.BeanCreationException: Error creating bean with name 'org.springframework.cloud.autoconfigure.RefreshAutoConfiguration$JpaInvokerConfiguration': Invocation of init method failed; nested exception is org.springframework.beans.factory.BeanCreationException: Error creating bean with name 'org.springframework.boot.autoconfigure.jdbc.DataSourceInitializerInvoker': Invocation of init method failed; nested exception is org.springframework.boot.context.properties.ConfigurationPropertiesBindException: Error creating bean with name 'webatoz': Could not bind properties to 'Webatoz' : prefix=spring.datasource.webatoz, ignoreInvalidFields=false, ignoreUnknownFields=true; nested exception is org.springframework.boot.context.properties.bind.BindException: Failed to bind properties under 'spring.datasource.webatoz.password' to java.lang.String
[22:54:42.427] [DEBUG] | o.s.w.c.s.GenericWebApplicationContext | Refreshing org.springframework.web.context.support.GenericWebApplicationContext@5c379ec9
[22:54:45.306] [WARN ] | o.s.w.c.s.GenericWebApplicationContext | Exception encountered during context initialization - cancelling refresh attempt: org.springframework.beans.factory.BeanCreationException: Error creating bean with name 'org.springframework.cloud.autoconfigure.RefreshAutoConfiguration$JpaInvokerConfiguration': Invocation of init method failed; nested exception is org.springframework.beans.factory.BeanCreationException: Error creating bean with name 'org.springframework.boot.autoconfigure.jdbc.DataSourceInitializerInvoker': Invocation of init method failed; nested exception is org.springframework.boot.context.properties.ConfigurationPropertiesBindException: Error creating bean with name 'webatoz': Could not bind properties to 'Webatoz' : prefix=spring.datasource.webatoz, ignoreInvalidFields=false, ignoreUnknownFields=true; nested exception is org.springframework.boot.context.properties.bind.BindException: Failed to bind properties under 'spring.datasource.webatoz.password' to java.lang.String
[22:54:45.714] [DEBUG] | o.s.w.c.s.GenericWebApplicationContext | Refreshing org.springframework.web.context.support.GenericWebApplicationContext@4f5583b9
[22:54:46.476] [WARN ] | o.s.w.c.s.GenericWebApplicationContext | Exception encountered during context initialization - cancelling refresh attempt: org.springframework.beans.factory.BeanCreationException: Error creating bean with name 'org.springframework.cloud.autoconfigure.RefreshAutoConfiguration$JpaInvokerConfiguration': Invocation of init method failed; nested exception is org.springframework.beans.factory.BeanCreationException: Error creating bean with name 'org.springframework.boot.autoconfigure.jdbc.DataSourceInitializerInvoker': Invocation of init method failed; nested exception is org.springframework.boot.context.properties.ConfigurationPropertiesBindException: Error creating bean with name 'webatoz': Could not bind properties to 'Webatoz' : prefix=spring.datasource.webatoz, ignoreInvalidFields=false, ignoreUnknownFields=true; nested exception is org.springframework.boot.context.properties.bind.BindException: Failed to bind properties under 'spring.datasource.webatoz.password' to java.lang.String
[22:55:21.207] [DEBUG] | o.s.w.c.s.GenericWebApplicationContext | Refreshing org.springframework.web.context.support.GenericWebApplicationContext@1635cbec
[22:55:25.151] [WARN ] | o.s.w.c.s.GenericWebApplicationContext | Exception encountered during context initialization - cancelling refresh attempt: org.springframework.beans.factory.BeanCreationException: Error creating bean with name 'org.springframework.cloud.autoconfigure.RefreshAutoConfiguration$JpaInvokerConfiguration': Invocation of init method failed; nested exception is org.springframework.beans.factory.BeanCreationException: Error creating bean with name 'org.springframework.boot.autoconfigure.jdbc.DataSourceInitializerInvoker': Invocation of init method failed; nested exception is org.springframework.boot.context.properties.ConfigurationPropertiesBindException: Error creating bean with name 'webatoz': Could not bind properties to 'Webatoz' : prefix=spring.datasource.webatoz, ignoreInvalidFields=false, ignoreUnknownFields=true; nested exception is org.springframework.boot.context.properties.bind.BindException: Failed to bind properties under 'spring.datasource.webatoz.jdbc-url' to java.lang.String
[22:55:34.386] [DEBUG] | o.s.w.c.s.GenericWebApplicationContext | Refreshing org.springframework.web.context.support.GenericWebApplicationContext@54380fc6
[22:55:36.636] [WARN ] | o.s.w.c.s.GenericWebApplicationContext | Exception encountered during context initialization - cancelling refresh attempt: org.springframework.beans.factory.BeanCreationException: Error creating bean with name 'org.springframework.cloud.autoconfigure.RefreshAutoConfiguration$JpaInvokerConfiguration': Invocation of init method failed; nested exception is org.springframework.beans.factory.BeanCreationException: Error creating bean with name 'org.springframework.boot.autoconfigure.jdbc.DataSourceInitializerInvoker': Invocation of init method failed; nested exception is org.springframework.boot.context.properties.ConfigurationPropertiesBindException: Error creating bean with name 'webatoz': Could not bind properties to 'Webatoz' : prefix=spring.datasource.webatoz, ignoreInvalidFields=false, ignoreUnknownFields=true; nested exception is org.springframework.boot.context.properties.bind.BindException: Failed to bind properties under 'spring.datasource.webatoz.password' to java.lang.String
[22:56:13.086] [DEBUG] | o.s.w.c.s.GenericWebApplicationContext | Refreshing org.springframework.web.context.support.GenericWebApplicationContext@4dca639e
[22:56:25.302] [DEBUG] | o.s.w.s.m.m.a.RequestMappingHandlerAdapter | ControllerAdvice beans: 0 @ModelAttribute, 0 @InitBinder, 1 RequestBodyAdvice, 1 ResponseBodyAdvice
[22:56:25.479] [DEBUG] | o.s.w.s.m.m.a.RequestMappingHandlerMapping | 15 mappings in 'requestMappingHandlerMapping'
[22:56:25.638] [DEBUG] | o.s.w.s.h.SimpleUrlHandlerMapping | Patterns [/webjars/**, /**] in 'resourceHandlerMapping'
[22:56:25.670] [DEBUG] | o.s.w.s.m.m.a.ExceptionHandlerExceptionResolver | ControllerAdvice beans: 1 @ExceptionHandler, 1 ResponseBodyAdvice
[22:56:28.560] [DEBUG] | o.s.w.s.m.m.a.RequestMappingHandlerMapping | Mapped to com.webatoz.backend.interfaces.board.BoardController#getBoards(Pageable, PagedResourcesAssembler)
[22:56:28.818] [DEBUG] | o.s.w.s.m.m.a.HttpEntityMethodProcessor | Using 'application/hal+json', given [application/hal+json] and supported [application/hal+json, application/json, application/json, application/*+json, application/json, application/*+json]
[22:56:28.819] [DEBUG] | o.s.w.s.m.m.a.HttpEntityMethodProcessor | Writing [PagedResource { content: [links: [], links: [], links: [], links: [], links: [], links: [], links: [ (truncated)...]
[22:56:29.034] [DEBUG] | o.s.w.c.s.GenericWebApplicationContext | Closing org.springframework.web.context.support.GenericWebApplicationContext@4dca639e, started on Tue Jun 16 22:56:13 KST 2020, parent: org.springframework.context.annotation.AnnotationConfigApplicationContext@6355cf13
[23:00:34.573] [DEBUG] | o.s.w.c.s.GenericWebApplicationContext | Refreshing org.springframework.web.context.support.GenericWebApplicationContext@888ec33
[23:00:36.815] [WARN ] | o.s.w.c.s.GenericWebApplicationContext | Exception encountered during context initialization - cancelling refresh attempt: org.springframework.beans.factory.BeanCreationException: Error creating bean with name 'org.springframework.cloud.autoconfigure.RefreshAutoConfiguration$JpaInvokerConfiguration': Invocation of init method failed; nested exception is org.springframework.beans.factory.BeanCreationException: Error creating bean with name 'org.springframework.boot.autoconfigure.jdbc.DataSourceInitializerInvoker': Invocation of init method failed; nested exception is org.springframework.boot.context.properties.ConfigurationPropertiesBindException: Error creating bean with name 'webatoz': Could not bind properties to 'Webatoz' : prefix=spring.datasource.webatoz, ignoreInvalidFields=false, ignoreUnknownFields=true; nested exception is org.springframework.boot.context.properties.bind.BindException: Failed to bind properties under 'spring.datasource.webatoz.password' to java.lang.String
[23:00:53.005] [DEBUG] | o.s.w.c.s.GenericWebApplicationContext | Refreshing org.springframework.web.context.support.GenericWebApplicationContext@92ae4c0
[23:01:02.805] [DEBUG] | o.s.w.s.m.m.a.RequestMappingHandlerAdapter | ControllerAdvice beans: 0 @ModelAttribute, 0 @InitBinder, 1 RequestBodyAdvice, 1 ResponseBodyAdvice
[23:01:02.902] [DEBUG] | o.s.w.s.m.m.a.RequestMappingHandlerMapping | 15 mappings in 'requestMappingHandlerMapping'
[23:01:02.988] [DEBUG] | o.s.w.s.h.SimpleUrlHandlerMapping | Patterns [/webjars/**, /**] in 'resourceHandlerMapping'
[23:01:03.025] [DEBUG] | o.s.w.s.m.m.a.ExceptionHandlerExceptionResolver | ControllerAdvice beans: 1 @ExceptionHandler, 1 ResponseBodyAdvice
[23:01:05.205] [DEBUG] | o.s.w.s.m.m.a.RequestMappingHandlerMapping | Mapped to com.webatoz.backend.interfaces.board.BoardController#getBoards(Pageable, PagedResourcesAssembler)
[23:01:05.502] [DEBUG] | o.s.w.s.m.m.a.HttpEntityMethodProcessor | Using 'application/hal+json', given [application/hal+json] and supported [application/hal+json, application/json, application/json, application/*+json, application/json, application/*+json]
[23:01:05.504] [DEBUG] | o.s.w.s.m.m.a.HttpEntityMethodProcessor | Writing [PagedResource { content: [links: [], links: [], links: [], links: [], links: [], links: [], links: [ (truncated)...]
[23:01:05.731] [DEBUG] | o.s.w.c.s.GenericWebApplicationContext | Closing org.springframework.web.context.support.GenericWebApplicationContext@92ae4c0, started on Tue Jun 16 23:00:53 KST 2020, parent: org.springframework.context.annotation.AnnotationConfigApplicationContext@4f028a6b
[23:05:09.228] [DEBUG] | o.s.web.context.ContextLoader | Published root WebApplicationContext as ServletContext attribute with name [org.springframework.web.context.WebApplicationContext.ROOT]
[23:05:09.229] [INFO ] | o.s.web.context.ContextLoader | Root WebApplicationContext: initialization completed in 1033 ms
[23:05:12.131] [DEBUG] | o.s.w.c.s.GenericWebApplicationContext | Refreshing org.springframework.web.context.support.GenericWebApplicationContext@6a02e2a7
[23:05:14.370] [DEBUG] | o.s.w.s.m.m.a.RequestMappingHandlerAdapter | ControllerAdvice beans: 0 @ModelAttribute, 0 @InitBinder, 1 RequestBodyAdvice, 1 ResponseBodyAdvice
[23:05:14.391] [DEBUG] | o.s.w.s.m.m.a.RequestMappingHandlerMapping | 15 mappings in 'requestMappingHandlerMapping'
[23:05:14.433] [DEBUG] | o.s.w.s.h.SimpleUrlHandlerMapping | Patterns [/webjars/**, /**] in 'resourceHandlerMapping'
[23:05:14.453] [DEBUG] | o.s.w.s.m.m.a.ExceptionHandlerExceptionResolver | ControllerAdvice beans: 1 @ExceptionHandler, 1 ResponseBodyAdvice
[23:05:22.419] [DEBUG] | o.s.w.s.m.m.a.RequestMappingHandlerAdapter | ControllerAdvice beans: 0 @ModelAttribute, 0 @InitBinder, 1 RequestBodyAdvice, 1 ResponseBodyAdvice
[23:05:22.539] [DEBUG] | o.s.w.s.m.m.a.RequestMappingHandlerMapping | 15 mappings in 'requestMappingHandlerMapping'
[23:05:22.614] [DEBUG] | o.s.w.s.h.SimpleUrlHandlerMapping | Patterns [/webjars/**, /**] in 'resourceHandlerMapping'
[23:05:22.637] [DEBUG] | o.s.w.s.m.m.a.ExceptionHandlerExceptionResolver | ControllerAdvice beans: 1 @ExceptionHandler, 1 ResponseBodyAdvice
[23:05:26.153] [DEBUG] | o.s.w.s.m.m.a.RequestMappingHandlerMapping | Mapped to com.webatoz.backend.interfaces.board.BoardController#getBoards(Pageable, PagedResourcesAssembler)
[23:05:26.437] [DEBUG] | o.s.w.s.m.m.a.HttpEntityMethodProcessor | Using 'application/hal+json', given [application/hal+json] and supported [application/hal+json, application/json, application/json, application/*+json, application/json, application/*+json]
[23:05:26.443] [DEBUG] | o.s.w.s.m.m.a.HttpEntityMethodProcessor | Writing [PagedResource { content: [links: [], links: [], links: [], links: [], links: [], links: [], links: [ (truncated)...]
[23:05:26.659] [DEBUG] | o.s.w.c.s.GenericWebApplicationContext | Closing org.springframework.web.context.support.GenericWebApplicationContext@6a02e2a7, started on Tue Jun 16 23:05:12 KST 2020, parent: org.springframework.context.annotation.AnnotationConfigApplicationContext@4cee5bf0
[23:07:30.840] [DEBUG] | o.s.web.context.ContextLoader | Published root WebApplicationContext as ServletContext attribute with name [org.springframework.web.context.WebApplicationContext.ROOT]
[23:07:30.840] [INFO ] | o.s.web.context.ContextLoader | Root WebApplicationContext: initialization completed in 880 ms
[23:07:33.792] [DEBUG] | o.s.w.c.s.GenericWebApplicationContext | Refreshing org.springframework.web.context.support.GenericWebApplicationContext@4144fe50
[23:07:35.932] [WARN ] | o.s.w.c.s.GenericWebApplicationContext | Exception encountered during context initialization - cancelling refresh attempt: org.springframework.beans.factory.BeanCreationException: Error creating bean with name 'org.springframework.cloud.autoconfigure.RefreshAutoConfiguration$JpaInvokerConfiguration': Invocation of init method failed; nested exception is org.springframework.beans.factory.BeanCreationException: Error creating bean with name 'org.springframework.boot.autoconfigure.jdbc.DataSourceInitializerInvoker': Invocation of init method failed; nested exception is org.springframework.boot.context.properties.ConfigurationPropertiesBindException: Error creating bean with name 'webatoz': Could not bind properties to 'Webatoz' : prefix=spring.datasource.webatoz, ignoreInvalidFields=false, ignoreUnknownFields=true; nested exception is org.springframework.boot.context.properties.bind.BindException: Failed to bind properties under 'spring.datasource.webatoz.password' to java.lang.String
[23:07:38.093] [DEBUG] | o.s.w.s.m.m.a.RequestMappingHandlerAdapter | ControllerAdvice beans: 0 @ModelAttribute, 0 @InitBinder, 1 RequestBodyAdvice, 1 ResponseBodyAdvice
[23:07:38.104] [DEBUG] | o.s.w.s.m.m.a.RequestMappingHandlerMapping | 15 mappings in 'requestMappingHandlerMapping'
[23:07:38.120] [DEBUG] | o.s.w.s.h.SimpleUrlHandlerMapping | Patterns [/webjars/**, /**] in 'resourceHandlerMapping'
[23:07:38.128] [DEBUG] | o.s.w.s.m.m.a.ExceptionHandlerExceptionResolver | ControllerAdvice beans: 1 @ExceptionHandler, 1 ResponseBodyAdvice
[23:09:42.243] [DEBUG] | o.s.web.context.ContextLoader | Published root WebApplicationContext as ServletContext attribute with name [org.springframework.web.context.WebApplicationContext.ROOT]
[23:09:42.243] [INFO ] | o.s.web.context.ContextLoader | Root WebApplicationContext: initialization completed in 791 ms
[23:09:44.367] [DEBUG] | o.s.w.c.s.GenericWebApplicationContext | Refreshing org.springframework.web.context.support.GenericWebApplicationContext@43ef04d0
[23:09:48.830] [DEBUG] | o.s.w.s.m.m.a.RequestMappingHandlerAdapter | ControllerAdvice beans: 0 @ModelAttribute, 0 @InitBinder, 1 RequestBodyAdvice, 1 ResponseBodyAdvice
[23:09:48.841] [DEBUG] | o.s.w.s.m.m.a.RequestMappingHandlerMapping | 15 mappings in 'requestMappingHandlerMapping'
[23:09:48.860] [DEBUG] | o.s.w.s.h.SimpleUrlHandlerMapping | Patterns [/webjars/**, /**] in 'resourceHandlerMapping'
[23:09:48.868] [DEBUG] | o.s.w.s.m.m.a.ExceptionHandlerExceptionResolver | ControllerAdvice beans: 1 @ExceptionHandler, 1 ResponseBodyAdvice
[23:09:55.376] [DEBUG] | o.s.w.s.m.m.a.RequestMappingHandlerAdapter | ControllerAdvice beans: 0 @ModelAttribute, 0 @InitBinder, 1 RequestBodyAdvice, 1 ResponseBodyAdvice
[23:09:55.458] [DEBUG] | o.s.w.s.m.m.a.RequestMappingHandlerMapping | 15 mappings in 'requestMappingHandlerMapping'
[23:09:55.520] [DEBUG] | o.s.w.s.h.SimpleUrlHandlerMapping | Patterns [/webjars/**, /**] in 'resourceHandlerMapping'
[23:09:55.540] [DEBUG] | o.s.w.s.m.m.a.ExceptionHandlerExceptionResolver | ControllerAdvice beans: 1 @ExceptionHandler, 1 ResponseBodyAdvice
[23:09:58.283] [DEBUG] | o.s.w.s.m.m.a.RequestMappingHandlerMapping | Mapped to com.webatoz.backend.interfaces.board.BoardController#getBoards(Pageable, PagedResourcesAssembler)
[23:09:58.589] [DEBUG] | o.s.w.s.m.m.a.HttpEntityMethodProcessor | Using 'application/hal+json', given [application/hal+json] and supported [application/hal+json, application/json, application/json, application/*+json, application/json, application/*+json]
[23:09:58.590] [DEBUG] | o.s.w.s.m.m.a.HttpEntityMethodProcessor | Writing [PagedResource { content: [links: [], links: [], links: [], links: [], links: [], links: [], links: [ (truncated)...]
[23:09:58.794] [DEBUG] | o.s.w.c.s.GenericWebApplicationContext | Closing org.springframework.web.context.support.GenericWebApplicationContext@43ef04d0, started on Tue Jun 16 23:09:44 KST 2020, parent: org.springframework.context.annotation.AnnotationConfigApplicationContext@4e3c05aa
[23:10:58.730] [DEBUG] | o.s.web.context.ContextLoader | Published root WebApplicationContext as ServletContext attribute with name [org.springframework.web.context.WebApplicationContext.ROOT]
[23:10:58.730] [INFO ] | o.s.web.context.ContextLoader | Root WebApplicationContext: initialization completed in 970 ms
[23:11:00.725] [DEBUG] | o.s.w.c.s.GenericWebApplicationContext | Refreshing org.springframework.web.context.support.GenericWebApplicationContext@18998aaa
[23:11:04.498] [DEBUG] | o.s.w.s.m.m.a.RequestMappingHandlerAdapter | ControllerAdvice beans: 0 @ModelAttribute, 0 @InitBinder, 1 RequestBodyAdvice, 1 ResponseBodyAdvice
[23:11:04.509] [DEBUG] | o.s.w.s.m.m.a.RequestMappingHandlerMapping | 15 mappings in 'requestMappingHandlerMapping'
[23:11:04.527] [DEBUG] | o.s.w.s.h.SimpleUrlHandlerMapping | Patterns [/webjars/**, /**] in 'resourceHandlerMapping'
[23:11:04.534] [DEBUG] | o.s.w.s.m.m.a.ExceptionHandlerExceptionResolver | ControllerAdvice beans: 1 @ExceptionHandler, 1 ResponseBodyAdvice
[23:11:10.417] [DEBUG] | o.s.w.s.m.m.a.RequestMappingHandlerAdapter | ControllerAdvice beans: 0 @ModelAttribute, 0 @InitBinder, 1 RequestBodyAdvice, 1 ResponseBodyAdvice
[23:11:10.517] [DEBUG] | o.s.w.s.m.m.a.RequestMappingHandlerMapping | 15 mappings in 'requestMappingHandlerMapping'
[23:11:10.605] [DEBUG] | o.s.w.s.h.SimpleUrlHandlerMapping | Patterns [/webjars/**, /**] in 'resourceHandlerMapping'
[23:11:10.625] [DEBUG] | o.s.w.s.m.m.a.ExceptionHandlerExceptionResolver | ControllerAdvice beans: 1 @ExceptionHandler, 1 ResponseBodyAdvice
[23:11:12.275] [DEBUG] | o.s.w.s.m.m.a.RequestMappingHandlerMapping | Mapped to com.webatoz.backend.interfaces.board.BoardController#getBoards(Pageable, PagedResourcesAssembler)
[23:11:12.504] [DEBUG] | o.s.w.s.m.m.a.HttpEntityMethodProcessor | Using 'application/hal+json', given [application/hal+json] and supported [application/hal+json, application/json, application/json, application/*+json, application/json, application/*+json]
[23:11:12.506] [DEBUG] | o.s.w.s.m.m.a.HttpEntityMethodProcessor | Writing [PagedResource { content: [links: [], links: [], links: [], links: [], links: [], links: [], links: [ (truncated)...]
[23:11:12.699] [DEBUG] | o.s.w.c.s.GenericWebApplicationContext | Closing org.springframework.web.context.support.GenericWebApplicationContext@18998aaa, started on Tue Jun 16 23:11:00 KST 2020, parent: org.springframework.context.annotation.AnnotationConfigApplicationContext@6036bbc8
[23:13:54.198] [DEBUG] | o.s.web.context.ContextLoader | Published root WebApplicationContext as ServletContext attribute with name [org.springframework.web.context.WebApplicationContext.ROOT]
[23:13:54.198] [INFO ] | o.s.web.context.ContextLoader | Root WebApplicationContext: initialization completed in 851 ms
[23:13:55.949] [DEBUG] | o.s.w.c.s.GenericWebApplicationContext | Refreshing org.springframework.web.context.support.GenericWebApplicationContext@7ee10260
[23:13:58.672] [DEBUG] | o.s.w.s.m.m.a.RequestMappingHandlerAdapter | ControllerAdvice beans: 0 @ModelAttribute, 0 @InitBinder, 1 RequestBodyAdvice, 1 ResponseBodyAdvice
[23:13:58.686] [DEBUG] | o.s.w.s.m.m.a.RequestMappingHandlerMapping | 15 mappings in 'requestMappingHandlerMapping'
[23:13:58.716] [DEBUG] | o.s.w.s.h.SimpleUrlHandlerMapping | Patterns [/webjars/**, /**] in 'resourceHandlerMapping'
[23:13:58.743] [DEBUG] | o.s.w.s.m.m.a.ExceptionHandlerExceptionResolver | ControllerAdvice beans: 1 @ExceptionHandler, 1 ResponseBodyAdvice
[23:14:04.855] [DEBUG] | o.s.w.s.m.m.a.RequestMappingHandlerAdapter | ControllerAdvice beans: 0 @ModelAttribute, 0 @InitBinder, 1 RequestBodyAdvice, 1 ResponseBodyAdvice
[23:14:04.939] [DEBUG] | o.s.w.s.m.m.a.RequestMappingHandlerMapping | 15 mappings in 'requestMappingHandlerMapping'
[23:14:05.006] [DEBUG] | o.s.w.s.h.SimpleUrlHandlerMapping | Patterns [/webjars/**, /**] in 'resourceHandlerMapping'
[23:14:05.028] [DEBUG] | o.s.w.s.m.m.a.ExceptionHandlerExceptionResolver | ControllerAdvice beans: 1 @ExceptionHandler, 1 ResponseBodyAdvice
[23:14:06.694] [DEBUG] | o.s.w.s.m.m.a.RequestMappingHandlerMapping | Mapped to com.webatoz.backend.interfaces.board.BoardController#getBoards(Pageable, PagedResourcesAssembler)
[23:14:06.952] [DEBUG] | o.s.w.s.m.m.a.HttpEntityMethodProcessor | Using 'application/hal+json', given [application/hal+json] and supported [application/hal+json, application/json, application/json, application/*+json, application/json, application/*+json]
[23:14:06.954] [DEBUG] | o.s.w.s.m.m.a.HttpEntityMethodProcessor | Writing [PagedResource { content: [links: [], links: [], links: [], links: [], links: [], links: [], links: [ (truncated)...]
[23:14:07.181] [DEBUG] | o.s.w.c.s.GenericWebApplicationContext | Closing org.springframework.web.context.support.GenericWebApplicationContext@7ee10260, started on Tue Jun 16 23:13:55 KST 2020, parent: org.springframework.context.annotation.AnnotationConfigApplicationContext@5b02cbff
[23:18:07.836] [DEBUG] | o.s.web.context.ContextLoader | Published root WebApplicationContext as ServletContext attribute with name [org.springframework.web.context.WebApplicationContext.ROOT]
[23:18:07.837] [INFO ] | o.s.web.context.ContextLoader | Root WebApplicationContext: initialization completed in 799 ms
[23:18:10.082] [DEBUG] | o.s.w.c.s.GenericWebApplicationContext | Refreshing org.springframework.web.context.support.GenericWebApplicationContext@26b9ed79
[23:18:13.463] [DEBUG] | o.s.w.s.m.m.a.RequestMappingHandlerAdapter | ControllerAdvice beans: 0 @ModelAttribute, 0 @InitBinder, 1 RequestBodyAdvice, 1 ResponseBodyAdvice
[23:18:13.475] [DEBUG] | o.s.w.s.m.m.a.RequestMappingHandlerMapping | 15 mappings in 'requestMappingHandlerMapping'
[23:18:13.499] [DEBUG] | o.s.w.s.h.SimpleUrlHandlerMapping | Patterns [/webjars/**, /**] in 'resourceHandlerMapping'
[23:18:13.507] [DEBUG] | o.s.w.s.m.m.a.ExceptionHandlerExceptionResolver | ControllerAdvice beans: 1 @ExceptionHandler, 1 ResponseBodyAdvice
[23:18:20.169] [DEBUG] | o.s.w.s.m.m.a.RequestMappingHandlerAdapter | ControllerAdvice beans: 0 @ModelAttribute, 0 @InitBinder, 1 RequestBodyAdvice, 1 ResponseBodyAdvice
[23:18:20.265] [DEBUG] | o.s.w.s.m.m.a.RequestMappingHandlerMapping | 15 mappings in 'requestMappingHandlerMapping'
[23:18:20.349] [DEBUG] | o.s.w.s.h.SimpleUrlHandlerMapping | Patterns [/webjars/**, /**] in 'resourceHandlerMapping'
[23:18:20.370] [DEBUG] | o.s.w.s.m.m.a.ExceptionHandlerExceptionResolver | ControllerAdvice beans: 1 @ExceptionHandler, 1 ResponseBodyAdvice
[23:18:22.071] [DEBUG] | o.s.w.s.m.m.a.RequestMappingHandlerMapping | Mapped to com.webatoz.backend.interfaces.board.BoardController#getBoards(Pageable, PagedResourcesAssembler)
[23:18:22.305] [DEBUG] | o.s.w.s.m.m.a.HttpEntityMethodProcessor | Using 'application/hal+json', given [application/hal+json] and supported [application/hal+json, application/json, application/json, application/*+json, application/json, application/*+json]
[23:18:22.308] [DEBUG] | o.s.w.s.m.m.a.HttpEntityMethodProcessor | Writing [PagedResource { content: [links: [], links: [], links: [], links: [], links: [], links: [], links: [ (truncated)...]
[23:18:22.546] [DEBUG] | o.s.w.c.s.GenericWebApplicationContext | Closing org.springframework.web.context.support.GenericWebApplicationContext@26b9ed79, started on Tue Jun 16 23:18:10 KST 2020, parent: org.springframework.context.annotation.AnnotationConfigApplicationContext@5f607272
[23:19:09.803] [DEBUG] | o.s.web.context.ContextLoader | Published root WebApplicationContext as ServletContext attribute with name [org.springframework.web.context.WebApplicationContext.ROOT]
[23:19:09.804] [INFO ] | o.s.web.context.ContextLoader | Root WebApplicationContext: initialization completed in 1866 ms
[23:19:16.325] [DEBUG] | o.s.w.s.m.m.a.RequestMappingHandlerAdapter | ControllerAdvice beans: 0 @ModelAttribute, 0 @InitBinder, 1 RequestBodyAdvice, 1 ResponseBodyAdvice
[23:19:16.369] [DEBUG] | o.s.w.s.m.m.a.RequestMappingHandlerMapping | 15 mappings in 'requestMappingHandlerMapping'
[23:19:16.401] [DEBUG] | o.s.w.s.h.SimpleUrlHandlerMapping | Patterns [/webjars/**, /**] in 'resourceHandlerMapping'
[23:19:16.411] [DEBUG] | o.s.w.s.m.m.a.ExceptionHandlerExceptionResolver | ControllerAdvice beans: 1 @ExceptionHandler, 1 ResponseBodyAdvice
[23:19:17.746] [INFO ] | o.s.web.servlet.DispatcherServlet | Initializing Servlet 'dispatcherServlet'
[23:19:17.747] [DEBUG] | o.s.web.servlet.DispatcherServlet | Detected StandardServletMultipartResolver
[23:19:17.756] [DEBUG] | o.s.web.servlet.DispatcherServlet | enableLoggingRequestDetails='false': request parameters and headers will be masked to prevent unsafe logging of potentially sensitive data
[23:19:17.756] [INFO ] | o.s.web.servlet.DispatcherServlet | Completed initialization in 10 ms
[23:19:19.419] [DEBUG] | o.s.web.servlet.DispatcherServlet | GET "/docs/index.html", parameters={}
[23:19:19.426] [DEBUG] | o.s.w.s.h.SimpleUrlHandlerMapping | Mapped to ResourceHttpRequestHandler ["classpath:/META-INF/resources/", "classpath:/resources/", "classpath:/static/", "classpath:/public/", "/"]
[23:19:19.431] [DEBUG] | o.s.w.s.r.ResourceHttpRequestHandler | Resource not found
[23:19:19.432] [DEBUG] | o.s.web.servlet.DispatcherServlet | Completed 404 NOT_FOUND
[23:19:19.438] [DEBUG] | o.s.web.servlet.DispatcherServlet | "ERROR" dispatch for GET "/error", parameters={}
[23:19:19.440] [DEBUG] | o.s.w.s.m.m.a.RequestMappingHandlerMapping | Mapped to org.springframework.boot.autoconfigure.web.servlet.error.BasicErrorController#errorHtml(HttpServletRequest, HttpServletResponse)
[23:19:19.459] [DEBUG] | o.s.w.s.v.ContentNegotiatingViewResolver | Selected 'text/html' given [text/html, text/html;q=0.8]
[23:19:19.463] [DEBUG] | o.s.web.servlet.DispatcherServlet | Exiting from "ERROR" dispatch, status 404
[23:19:19.514] [DEBUG] | o.s.web.servlet.DispatcherServlet | GET "/favicon.ico", parameters={}
[23:19:19.516] [DEBUG] | o.s.w.s.h.SimpleUrlHandlerMapping | Mapped to ResourceHttpRequestHandler ["classpath:/META-INF/resources/", "classpath:/resources/", "classpath:/static/", "classpath:/public/", "/"]
[23:19:19.519] [DEBUG] | o.s.w.s.r.ResourceHttpRequestHandler | Resource not found
[23:19:19.519] [DEBUG] | o.s.web.servlet.DispatcherServlet | Completed 404 NOT_FOUND
[23:19:19.520] [DEBUG] | o.s.web.servlet.DispatcherServlet | "ERROR" dispatch for GET "/error", parameters={}
[23:19:19.521] [DEBUG] | o.s.w.s.m.m.a.RequestMappingHandlerMapping | Mapped to org.springframework.boot.autoconfigure.web.servlet.error.BasicErrorController#error(HttpServletRequest)
[23:19:19.529] [DEBUG] | o.s.w.s.m.m.a.HttpEntityMethodProcessor | Using 'application/json;q=0.8', given [image/webp, image/apng, image/*, */*;q=0.8] and supported [application/json, application/*+json, application/json, application/*+json]
[23:19:19.530] [DEBUG] | o.s.w.s.m.m.a.HttpEntityMethodProcessor | Writing [{timestamp=Tue Jun 16 23:19:19 KST 2020, status=404, error=Not Found, message=No message available,  (truncated)...]
[23:19:19.543] [DEBUG] | o.s.web.servlet.DispatcherServlet | Exiting from "ERROR" dispatch, status 404
[23:19:21.012] [DEBUG] | o.s.web.servlet.DispatcherServlet | GET "/docs/index.html", parameters={}
[23:19:21.013] [DEBUG] | o.s.w.s.h.SimpleUrlHandlerMapping | Mapped to ResourceHttpRequestHandler ["classpath:/META-INF/resources/", "classpath:/resources/", "classpath:/static/", "classpath:/public/", "/"]
[23:19:21.015] [DEBUG] | o.s.w.s.r.ResourceHttpRequestHandler | Resource not found
[23:19:21.015] [DEBUG] | o.s.web.servlet.DispatcherServlet | Completed 404 NOT_FOUND
[23:19:21.016] [DEBUG] | o.s.web.servlet.DispatcherServlet | "ERROR" dispatch for GET "/error", parameters={}
[23:19:21.017] [DEBUG] | o.s.w.s.m.m.a.RequestMappingHandlerMapping | Mapped to org.springframework.boot.autoconfigure.web.servlet.error.BasicErrorController#errorHtml(HttpServletRequest, HttpServletResponse)
[23:19:21.023] [DEBUG] | o.s.w.s.v.ContentNegotiatingViewResolver | Selected 'text/html' given [text/html, text/html;q=0.8]
[23:19:21.023] [DEBUG] | o.s.web.servlet.DispatcherServlet | Exiting from "ERROR" dispatch, status 404
[23:25:35.153] [DEBUG] | o.s.web.servlet.DispatcherServlet | GET "/docs/index.html", parameters={}
[23:25:35.163] [DEBUG] | o.s.w.s.h.SimpleUrlHandlerMapping | Mapped to ResourceHttpRequestHandler ["classpath:/META-INF/resources/", "classpath:/resources/", "classpath:/static/", "classpath:/public/", "/"]
[23:25:35.178] [DEBUG] | o.s.w.s.r.ResourceHttpRequestHandler | Resource not found
[23:25:35.179] [DEBUG] | o.s.web.servlet.DispatcherServlet | Completed 404 NOT_FOUND
[23:25:35.181] [DEBUG] | o.s.web.servlet.DispatcherServlet | "ERROR" dispatch for GET "/error", parameters={}
[23:25:35.182] [DEBUG] | o.s.w.s.m.m.a.RequestMappingHandlerMapping | Mapped to org.springframework.boot.autoconfigure.web.servlet.error.BasicErrorController#errorHtml(HttpServletRequest, HttpServletResponse)
[23:25:35.194] [DEBUG] | o.s.w.s.v.ContentNegotiatingViewResolver | Selected 'text/html' given [text/html, text/html;q=0.8]
[23:25:35.196] [DEBUG] | o.s.web.servlet.DispatcherServlet | Exiting from "ERROR" dispatch, status 404
